EpMedia/joevideolib/build/intermediates/manifest_merge_blame_file/debug/manifest-merger-blame-debug-report.txt
1<?xml version="1.0" encoding="utf-8"?>
2<manifest xmlns:android="http://schemas.android.com/apk/res/android"
3    package="com.joe.joevideolib"
4    android:versionCode="1" >
5
6    <uses-sdk
7        android:minSdkVersion="16"
7-->src/main/AndroidManifest.xml
8        android:targetSdkVersion="27" />
8-->src/main/AndroidManifest.xml
9
10    <uses-permission android:name="android.permission.WRITE_EXTERNAL_STORAGE" />
10-->src/main/AndroidManifest.xml:4:5-80
10-->src/main/AndroidManifest.xml:4:22-78
11    <uses-permission android:name="android.permission.WRITE_SETTINGS" />
11-->src/main/AndroidManifest.xml:5:5-72
11-->src/main/AndroidManifest.xml:5:22-70
12    <uses-permission android:name="android.permission.MOUNT_UNMOUNT_FILESYSTEMS" />
12-->src/main/AndroidManifest.xml:6:5-83
12-->src/main/AndroidManifest.xml:6:22-81
13    <uses-permission android:name="android.permission.READ_EXTERNAL_STORAGE" />
13-->src/main/AndroidManifest.xml:7:5-79
13-->src/main/AndroidManifest.xml:7:22-77
14
15    <application
15-->src/main/AndroidManifest.xml:9:5-14:19
16        android:allowBackup="true"
16-->src/main/AndroidManifest.xml:9:18-44
17        android:label="@string/app_name"
17-->src/main/AndroidManifest.xml:10:18-50
18        android:supportsRtl="true" >
18-->src/main/AndroidManifest.xml:11:18-44
19    </application>
20
21</manifest>